<?xml version="1.0" encoding="UTF-8" ?>
<testsuite tests="20" failures="0" name="calculator.RunnerTest" time="0.004" errors="0" skipped="0">
  <properties>
    <property name="idea.version" value="2022.2"/>
    <property name="java.runtime.name" value="OpenJDK Runtime Environment"/>
    <property name="java.vm.version" value="11.0.18+10-post-Ubuntu-0ubuntu122.04"/>
    <property name="sun.boot.library.path" value="/usr/lib/jvm/java-11-openjdk-amd64/lib"/>
    <property name="maven.multiModuleProjectDirectory" value="/home/mmbehnasr/University/software/LAB/SE_LAB/SE_LAB/expt2"/>
    <property name="java.vm.vendor" value="Ubuntu"/>
    <property name="java.vendor.url" value="https://ubuntu.com/"/>
    <property name="guice.disable.misplaced.annotation.check" value="true"/>
    <property name="path.separator" value=":"/>
    <property name="java.vm.name" value="OpenJDK 64-Bit Server VM"/>
    <property name="sun.os.patch.level" value="unknown"/>
    <property name="user.country" value="US"/>
    <property name="sun.java.launcher" value="SUN_STANDARD"/>
    <property name="java.vm.specification.name" value="Java Virtual Machine Specification"/>
    <property name="user.dir" value="/home/mmbehnasr/University/software/LAB/SE_LAB/SE_LAB/expt2"/>
    <property name="java.vm.compressedOopsMode" value="Zero based"/>
    <property name="java.runtime.version" value="11.0.18+10-post-Ubuntu-0ubuntu122.04"/>
    <property name="java.awt.graphicsenv" value="sun.awt.X11GraphicsEnvironment"/>
    <property name="os.arch" value="amd64"/>
    <property name="java.io.tmpdir" value="/tmp"/>
    <property name="line.separator" value="
"/>
    <property name="java.vm.specification.vendor" value="Oracle Corporation"/>
    <property name="os.name" value="Linux"/>
    <property name="maven.ext.class.path" value="/opt/idea-IU-222.3345.118/plugins/maven/lib/maven-event-listener.jar"/>
    <property name="classworlds.conf" value="/opt/idea-IU-222.3345.118/plugins/maven/lib/maven3/bin/m2.conf"/>
    <property name="sun.jnu.encoding" value="UTF-8"/>
    <property name="java.library.path" value="/usr/java/packages/lib:/usr/lib/x86_64-linux-gnu/jni:/lib/x86_64-linux-gnu:/usr/lib/x86_64-linux-gnu:/usr/lib/jni:/lib:/usr/lib"/>
    <property name="maven.conf" value="/opt/idea-IU-222.3345.118/plugins/maven/lib/maven3/conf"/>
    <property name="jdk.debug" value="release"/>
    <property name="java.class.version" value="55.0"/>
    <property name="java.specification.name" value="Java Platform API Specification"/>
    <property name="sun.management.compiler" value="HotSpot 64-Bit Tiered Compilers"/>
    <property name="os.version" value="5.19.0-38-generic"/>
    <property name="user.home" value="/home/mmbehnasr"/>
    <property name="user.timezone" value="Asia/Tehran"/>
    <property name="java.awt.printerjob" value="sun.print.PSPrinterJob"/>
    <property name="file.encoding" value="UTF-8"/>
    <property name="java.specification.version" value="11"/>
    <property name="user.name" value="mmbehnasr"/>
    <property name="java.class.path" value="/opt/idea-IU-222.3345.118/plugins/maven/lib/maven3/boot/plexus-classworlds-2.6.0.jar:/opt/idea-IU-222.3345.118/plugins/maven/lib/maven3/boot/plexus-classworlds.license"/>
    <property name="java.vm.specification.version" value="11"/>
    <property name="sun.arch.data.model" value="64"/>
    <property name="sun.java.command" value="org.codehaus.classworlds.Launcher -Didea.version=2022.2 test"/>
    <property name="java.home" value="/usr/lib/jvm/java-11-openjdk-amd64"/>
    <property name="user.language" value="en"/>
    <property name="java.specification.vendor" value="Oracle Corporation"/>
    <property name="awt.toolkit" value="sun.awt.X11.XToolkit"/>
    <property name="java.vm.info" value="mixed mode, sharing"/>
    <property name="java.version" value="11.0.18"/>
    <property name="securerandom.source" value="file:/dev/./urandom"/>
    <property name="java.vendor" value="Ubuntu"/>
    <property name="maven.home" value="/opt/idea-IU-222.3345.118/plugins/maven/lib/maven3"/>
    <property name="file.separator" value="/"/>
    <property name="java.version.date" value="2023-01-17"/>
    <property name="java.vendor.url.bug" value="https://bugs.launchpad.net/ubuntu/+source/openjdk-lts"/>
    <property name="sun.io.unicode.encoding" value="UnicodeLittle"/>
    <property name="sun.cpu.endian" value="little"/>
    <property name="sun.desktop" value="gnome"/>
    <property name="sun.cpu.isalist" value=""/>
  </properties>
  <testcase classname="| 1 | 12 | 13 |" name="Given Two input values, 1 and 12" time="0.002"/>
  <testcase classname="| 1 | 12 | 13 |" name="When I add the two values" time="0"/>
  <testcase classname="| 1 | 12 | 13 |" name="Then I expect the result 13" time="0.001"/>
  <testcase classname="| 1 | 12 | 13 |" name="| 1 | 12 | 13 |" time="0.001"/>
  <testcase classname="| -1 | 6 | 5 |" name="Given Two input values, -1 and 6" time="0"/>
  <testcase classname="| -1 | 6 | 5 |" name="When I add the two values" time="0"/>
  <testcase classname="| -1 | 6 | 5 |" name="Then I expect the result 5" time="0"/>
  <testcase classname="| -1 | 6 | 5 |" name="| -1 | 6 | 5 |" time="0"/>
  <testcase classname="| 2 | 2 | 4 |" name="Given Two input values, 2 and 2" time="0"/>
  <testcase classname="| 2 | 2 | 4 |" name="When I add the two values" time="0"/>
  <testcase classname="| 2 | 2 | 4 |" name="Then I expect the result 4" time="0"/>
  <testcase classname="| 2 | 2 | 4 |" name="| 2 | 2 | 4 |" time="0"/>
  <testcase classname="| 4 | rvs | 0.25 |" name="Given An input value 4 and an operation rvs" time="0"/>
  <testcase classname="| 4 | rvs | 0.25 |" name="When I apply the operation on the input" time="0"/>
  <testcase classname="| 4 | rvs | 0.25 |" name="Then I see the result 0.25" time="0"/>
  <testcase classname="| 4 | rvs | 0.25 |" name="| 4 | rvs | 0.25 |" time="0"/>
  <testcase classname="| 4 | sqr | 2 |" name="Given An input value 4 and an operation sqr" time="0"/>
  <testcase classname="| 4 | sqr | 2 |" name="When I apply the operation on the input" time="0"/>
  <testcase classname="| 4 | sqr | 2 |" name="Then I see the result 2" time="0"/>
  <testcase classname="| 4 | sqr | 2 |" name="| 4 | sqr | 2 |" time="0"/>
</testsuite>